0 info it worked if it ends with ok
1 verbose cli [ 'C:\\Program Files\\nodejs\\node.exe',
1 verbose cli   'C:\\Program Files\\nodejs\\node_modules\\npm\\bin\\npm-cli.js',
1 verbose cli   'run',
1 verbose cli   'serve' ]
2 info using npm@3.10.10
3 info using node@v6.11.0
4 verbose run-script [ 'preserve', 'serve', 'postserve' ]
5 info lifecycle KnowShare@0.0.4~preserve: KnowShare@0.0.4
6 silly lifecycle KnowShare@0.0.4~preserve: no script for preserve, continuing
7 info lifecycle KnowShare@0.0.4~serve: KnowShare@0.0.4
8 verbose lifecycle KnowShare@0.0.4~serve: unsafe-perm in lifecycle true
9 verbose lifecycle KnowShare@0.0.4~serve: PATH: C:\Program Files\nodejs\node_modules\npm\bin\node-gyp-bin;C:\Users\HP\Desktop\Know&Share\KS-Web\node_modules\.bin;C:\oraclexe\app\oracle\product\11.2.0\server\bin;C:\Program Files (x86)\Intel\iCLS Client\;C:\Program Files\Intel\iCLS Client\;C:\WINDOWS\system32;C:\WINDOWS;C:\WINDOWS\System32\Wbem;C:\WINDOWS\System32\WindowsPowerShell\v1.0\;C:\Program Files (x86)\Intel\Intel(R) Management Engine Components\DAL;C:\Program Files\Intel\Intel(R) Management Engine Components\DAL;C:\Program Files (x86)\Intel\Intel(R) Management Engine Components\IPT;C:\Program Files\Intel\Intel(R) Management Engine Components\IPT;C:\Users\HP\AppData\Local\Programs\Python\Python36;C:\Program Files\Microsoft SQL Server\Client SDK\ODBC\110\Tools\Binn\;C:\Program Files (x86)\Microsoft SQL Server\120\Tools\Binn\;C:\Program Files\Microsoft SQL Server\120\Tools\Binn\;C:\Program Files\Microsoft SQL Server\120\DTS\Binn\;C:\Program Files (x86)\Windows Kits\8.1\Windows Performance Toolkit\;C:\Program Files (x86)\Microsoft SDKs\TypeScript\1.0\;C:\Program Files (x86)\Microsoft SQL Server\Client SDK\ODBC\110\Tools\Binn\;C:\Program Files (x86)\Microsoft SQL Server\130\Tools\Binn\;C:\Program Files (x86)\Microsoft SQL Server\130\DTS\Binn\;C:\Program Files (x86)\Microsoft SQL Server\130\Tools\Binn\ManagementStudio\;C:\Program Files (x86)\Microsoft SQL Server\120\Tools\Binn\ManagementStudio\;C:\Program Files (x86)\Microsoft SQL Server\120\DTS\Binn\;C:\Program Files\Intel\WiFi\bin\;C:\Program Files\Common Files\Intel\WirelessCommon\;C:\Program Files (x86)\Skype\Phone\;C:\Program Files\MongoDB\Server\3.4\bin;C:\Program Files\apache-maven-3.5.0\bin;C:\Program Files\nodejs\;C:\Program Files\Java\jdk1.8.0_131\bin;C:\Users\HP\AppData\Local\Microsoft\WindowsApps;C:\Program Files (x86)\Microsoft VS Code\bin;C:\Users\HP\AppData\Roaming\npm;C:\Program Files\Java\jdk1.8.0_131\bin
10 verbose lifecycle KnowShare@0.0.4~serve: CWD: C:\Users\HP\Desktop\Know&Share\KS-Web
11 silly lifecycle KnowShare@0.0.4~serve: Args: [ '/d /s /c',
11 silly lifecycle   'webpack-dev-server --inline --progress --port 3000' ]
12 silly lifecycle KnowShare@0.0.4~serve: Returned: code: 3221225786  signal: null
13 info lifecycle KnowShare@0.0.4~serve: Failed to exec serve script
14 verbose stack Error: KnowShare@0.0.4 serve: `webpack-dev-server --inline --progress --port 3000`
14 verbose stack Exit status 3221225786
14 verbose stack     at EventEmitter.<anonymous> (C:\Program Files\nodejs\node_modules\npm\lib\utils\lifecycle.js:255:16)
14 verbose stack     at emitTwo (events.js:106:13)
14 verbose stack     at EventEmitter.emit (events.js:191:7)
14 verbose stack     at ChildProcess.<anonymous> (C:\Program Files\nodejs\node_modules\npm\lib\utils\spawn.js:40:14)
14 verbose stack     at emitTwo (events.js:106:13)
14 verbose stack     at ChildProcess.emit (events.js:191:7)
14 verbose stack     at maybeClose (internal/child_process.js:891:16)
14 verbose stack     at Process.ChildProcess._handle.onexit (internal/child_process.js:226:5)
15 verbose pkgid KnowShare@0.0.4
16 verbose cwd C:\Users\HP\Desktop\Know&Share\KS-Web
17 error Windows_NT 10.0.14393
18 error argv "C:\\Program Files\\nodejs\\node.exe" "C:\\Program Files\\nodejs\\node_modules\\npm\\bin\\npm-cli.js" "run" "serve"
19 error node v6.11.0
20 error npm  v3.10.10
21 error code ELIFECYCLE
22 error KnowShare@0.0.4 serve: `webpack-dev-server --inline --progress --port 3000`
22 error Exit status 3221225786
23 error Failed at the KnowShare@0.0.4 serve script 'webpack-dev-server --inline --progress --port 3000'.
23 error Make sure you have the latest version of node.js and npm installed.
23 error If you do, this is most likely a problem with the KnowShare package,
23 error not with npm itself.
23 error Tell the author that this fails on your system:
23 error     webpack-dev-server --inline --progress --port 3000
23 error You can get information on how to open an issue for this project with:
23 error     npm bugs KnowShare
23 error Or if that isn't available, you can get their info via:
23 error     npm owner ls KnowShare
23 error There is likely additional logging output above.
24 verbose exit [ 1, true ]
